<?xml version="1.0" encoding="UTF-8"?>
<!-- Generated by org.testng.reporters.JUnitReportReporter -->
<testsuite hostname="DESKTOP-D48OV93" failures="0" tests="3" name="testNG.Day1.FirstTestngClass" time="0.015" errors="0" timestamp="2023-09-12T12:04:42 IST" skipped="0">
  <testcase classname="testNG.Day1.FirstTestngClass" name="testcase3" time="0.004"/>
  <system-out/>
  <testcase classname="testNG.Day1.FirstTestngClass" name="testcase2" time="0.002"/>
  <system-out/>
  <testcase classname="testNG.Day1.FirstTestngClass" name="testcase1" time="0.009"/>
  <system-out/>
</testsuite> <!-- testNG.Day1.FirstTestngClass -->
