<?xml version="1.0" encoding="UTF-8"?>
<!-- Generated by org.testng.reporters.JUnitReportReporter -->
<testsuite hostname="DESKTOP-D48OV93" failures="0" tests="3" name="testNG.Day3.TenthTestngClass" time="0.017" errors="0" timestamp="2023-09-13T13:28:02 IST" skipped="0">
  <testcase classname="testNG.Day3.TenthTestngClass" name="testCase2" time="0.001"/>
  <system-out/>
  <testcase classname="testNG.Day3.TenthTestngClass" name="testCase1" time="0.014"/>
  <system-out/>
  <testcase classname="testNG.Day3.TenthTestngClass" name="testCase3" time="0.002"/>
  <system-out/>
</testsuite> <!-- testNG.Day3.TenthTestngClass -->
