<?xml version="1.0" encoding="UTF-8"?>
<!-- Generated by org.testng.reporters.JUnitReportReporter -->
<testsuite hostname="DESKTOP-D48OV93" failures="0" tests="2" name="testNG.Day5A.AccountRegistrationTC" time="0.006" errors="0" timestamp="2023-09-25T18:56:29 IST" skipped="0">
  <testcase classname="testNG.Day5A.AccountRegistrationTC" name="testCase2" time="0.003"/>
  <system-out/>
  <testcase classname="testNG.Day5A.AccountRegistrationTC" name="testCase3" time="0.003"/>
  <system-out/>
</testsuite> <!-- testNG.Day5A.AccountRegistrationTC -->
