<?xml version="1.0" encoding="UTF-8"?>
<!-- Generated by org.testng.reporters.JUnitReportReporter -->
<testsuite hostname="DESKTOP-D48OV93" failures="0" tests="3" name="testNG.Day5B.HomePageTC" time="0.007" errors="0" timestamp="2023-09-25T18:56:29 IST" skipped="0">
  <testcase classname="testNG.Day5B.HomePageTC" name="testCase8" time="0.002"/>
  <system-out/>
  <testcase classname="testNG.Day5B.HomePageTC" name="testCase7" time="0.003"/>
  <system-out/>
  <testcase classname="testNG.Day5B.HomePageTC" name="testCase9" time="0.002"/>
  <system-out/>
</testsuite> <!-- testNG.Day5B.HomePageTC -->
