<?xml version="1.0" encoding="UTF-8"?>
<!-- Generated by org.testng.reporters.JUnitReportReporter -->
<testsuite hostname="DESKTOP-D48OV93" failures="0" tests="3" name="testNG.Day6.DataProviderPract" time="0.017" errors="0" timestamp="2023-10-12T07:36:08 IST" skipped="0">
  <testcase classname="testNG.Day6.DataProviderPract" name="testCase1" time="0.005"/>
  <system-out/>
  <testcase classname="testNG.Day6.DataProviderPract" name="testCase1" time="0.003"/>
  <system-out/>
  <testcase classname="testNG.Day6.DataProviderPract" name="testCase1" time="0.009"/>
  <system-out/>
</testsuite> <!-- testNG.Day6.DataProviderPract -->
