<?xml version="1.0" encoding="UTF-8"?>
<!-- Generated by org.testng.reporters.JUnitReportReporter -->
<testsuite hostname="DESKTOP-D48OV93" failures="0" tests="1" name="com.orangeHRM.testCases.OrangeHRMLoginTc" time="19.338" errors="0" timestamp="2023-10-09T20:26:15 IST" skipped="0">
  <testcase classname="com.orangeHRM.testCases.OrangeHRMLoginTc" name="TC_01" time="19.338"/>
  <system-out/>
</testsuite> <!-- com.orangeHRM.testCases.OrangeHRMLoginTc -->
