<?xml version="1.0" encoding="UTF-8"?>
<!-- Generated by org.testng.reporters.JUnitReportReporter -->
<testsuite hostname="DESKTOP-D48OV93" failures="0" tests="2" name="testNG.Day5A.ParallelExecution" time="127.592" errors="0" timestamp="2023-10-12T08:36:58 IST" skipped="0">
  <testcase classname="testNG.Day5A.ParallelExecution" name="testOrangeHRMLogin" time="114.773"/>
  <system-out/>
  <testcase classname="testNG.Day5A.ParallelExecution" name="testVtigerLogin" time="12.819"/>
  <system-out/>
</testsuite> <!-- testNG.Day5A.ParallelExecution -->
