<?xml version="1.0" encoding="UTF-8"?>
<!-- Generated by org.testng.reporters.JUnitReportReporter -->
<testsuite hostname="DESKTOP-D48OV93" failures="0" tests="4" name="testNG.Day3.FifthTestngClass" time="0.019" errors="0" timestamp="2023-09-13T12:09:07 IST" skipped="1">
  <testcase classname="testNG.Day3.FifthTestngClass" name="testCase2" time="0.003"/>
  <system-out/>
  <testcase classname="testNG.Day3.FifthTestngClass" name="testCase1" time="0.010"/>
  <system-out/>
  <testcase classname="testNG.Day3.FifthTestngClass" name="testCase4" time="0.006"/>
  <system-out/>
  <testcase classname="testNG.Day3.FifthTestngClass" name="testCase3">
    <skipped/>
  </testcase> <!-- testCase3 -->
  <system-out/>
</testsuite> <!-- testNG.Day3.FifthTestngClass -->
