<?xml version="1.0" encoding="UTF-8"?>
<!-- Generated by org.testng.reporters.JUnitReportReporter -->
<testsuite hostname="DESKTOP-D48OV93" failures="0" tests="2" name="testNG.Day6.DataParameterization" time="15.291" errors="0" timestamp="2023-10-12T07:49:36 IST" skipped="0">
  <testcase classname="testNG.Day6.DataParameterization" name="testOrangeHRMLogin" time="15.282"/>
  <system-out/>
  <testcase classname="testNG.Day6.DataParameterization" name="testCase1" time="0.009"/>
  <system-out/>
</testsuite> <!-- testNG.Day6.DataParameterization -->
