<?xml version="1.0" encoding="UTF-8"?>
<!-- Generated by org.testng.reporters.JUnitReportReporter -->
<testsuite hostname="DESKTOP-D48OV93" failures="0" tests="2" name="testNG.Day5A.LoginTc" time="0.014" errors="0" timestamp="2023-09-25T18:56:29 IST" skipped="0">
  <testcase classname="testNG.Day5A.LoginTc" name="testCase6" time="0.004"/>
  <system-out/>
  <testcase classname="testNG.Day5A.LoginTc" name="testCase5" time="0.010"/>
  <system-out/>
</testsuite> <!-- testNG.Day5A.LoginTc -->
