<?xml version="1.0" encoding="UTF-8"?>
<!-- Generated by org.testng.reporters.JUnitReportReporter -->
<testsuite hostname="DESKTOP-D48OV93" failures="0" tests="2" name="testNG.Day3.TestngAnnotations" time="0.015" errors="0" timestamp="2023-09-14T19:10:16 IST" skipped="0">
  <testcase classname="testNG.Day3.TestngAnnotations" name="testCase1" time="0.011"/>
  <system-out/>
  <testcase classname="testNG.Day3.TestngAnnotations" name="testCase2" time="0.004"/>
  <system-out/>
</testsuite> <!-- testNG.Day3.TestngAnnotations -->
