<?xml version="1.0" encoding="UTF-8"?>
<!-- Generated by org.testng.reporters.JUnitReportReporter -->
<testsuite hostname="DESKTOP-D48OV93" failures="0" tests="1" name="testNG.Day4.Testingassertions1" time="0.010" errors="0" timestamp="2023-09-15T19:15:21 IST" skipped="0">
  <testcase classname="testNG.Day4.Testingassertions1" name="swagLabLoginTC" time="0.010"/>
  <system-out/>
</testsuite> <!-- testNG.Day4.Testingassertions1 -->
