<?xml version="1.0" encoding="UTF-8"?>
<!-- Generated by org.testng.reporters.JUnitReportReporter -->
<testsuite hostname="DESKTOP-D48OV93" failures="0" tests="4" name="testNG.Day2.FourthTestngClass" time="0.018" errors="0" timestamp="2023-09-12T12:19:02 IST" skipped="0">
  <testcase classname="testNG.Day2.FourthTestngClass" name="testCase1" time="0.013"/>
  <system-out/>
  <testcase classname="testNG.Day2.FourthTestngClass" name="testCase2" time="0.002"/>
  <system-out/>
  <testcase classname="testNG.Day2.FourthTestngClass" name="testCase3" time="0.001"/>
  <system-out/>
  <testcase classname="testNG.Day2.FourthTestngClass" name="testCase4" time="0.002"/>
  <system-out/>
</testsuite> <!-- testNG.Day2.FourthTestngClass -->
